<?xml version="1.0" encoding="UTF-8"?>
<!-- Generated by org.testng.reporters.JUnitReportReporter -->
<testsuite skipped="0" hostname="LP-5CD6518TWJ" name="com.main.test.SignUpTest" tests="1" failures="0" timestamp="11 Jun 2021 11:16:45 GMT" time="187.469" errors="0">
  <testcase name="registerTest" time="187.469" classname="com.main.test.SignUpTest"/>
</testsuite> <!-- com.main.test.SignUpTest -->
