<?xml version="1.0" encoding="UTF-8"?>
<!-- Generated by org.testng.reporters.JUnitReportReporter -->
<testsuite skipped="0" hostname="LP-5CD6518TWJ" name="com.main.test.Click_Image_Profile_Assert" tests="2" failures="0" timestamp="18 Jun 2021 11:12:19 GMT" time="74.634" errors="0">
  <testcase name="navigatetoScoll" time="15.756" classname="com.main.test.Click_Image_Profile_Assert"/>
  <testcase name="clickTest" time="58.878" classname="com.main.test.Click_Image_Profile_Assert"/>
</testsuite> <!-- com.main.test.Click_Image_Profile_Assert -->
