<?xml version="1.0" encoding="UTF-8"?>
<!-- Generated by org.testng.reporters.JUnitReportReporter -->
<testsuite skipped="0" hostname="LP-5CD6518TWJ" name="com.main.test.LoginTest" tests="1" failures="0" timestamp="20 Jun 2021 14:04:22 GMT" time="8.369" errors="0">
  <testcase name="loginTest" time="8.369" classname="com.main.test.LoginTest"/>
</testsuite> <!-- com.main.test.LoginTest -->
